[INFO  - 2017-04-05T02:06:01.778Z] GhostDriver - Main - running on port 40439
[INFO  - 2017-04-05T02:06:02.690Z] Session [6b7e74f0-19a4-11e7-b662-497564ea035f] - page.settings - {"XSSAuditingEnabled":false,"javascriptCanCloseWindows":true,"javascriptCanOpenWindows":true,"javascriptEnabled":true,"loadImages":true,"localToRemoteUrlAccessEnabled":false,"userAgent":"Mozilla/5.0 (Unknown; Linux x86_64) AppleWebKit/538.1 (KHTML, like Gecko) PhantomJS/2.1.1 Safari/538.1","webSecurityEnabled":true}
[INFO  - 2017-04-05T02:06:02.690Z] Session [6b7e74f0-19a4-11e7-b662-497564ea035f] - page.customHeaders:  - {}
[INFO  - 2017-04-05T02:06:02.690Z] Session [6b7e74f0-19a4-11e7-b662-497564ea035f] - Session.negotiatedCapabilities - {"browserName":"phantomjs","version":"2.1.1","driverName":"ghostdriver","driverVersion":"1.2.0","platform":"linux-unknown-64bit","javascriptEnabled":true,"takesScreenshot":true,"handlesAlerts":false,"databaseEnabled":false,"locationContextEnabled":false,"applicationCacheEnabled":false,"browserConnectionEnabled":false,"cssSelectorsEnabled":true,"webStorageEnabled":false,"rotatable":false,"acceptSslCerts":false,"nativeEvents":true,"proxy":{"proxyType":"direct"}}
[INFO  - 2017-04-05T02:06:02.690Z] SessionManagerReqHand - _postNewSessionCommand - New Session Created: 6b7e74f0-19a4-11e7-b662-497564ea035f
[ERROR - 2017-04-05T02:06:03.402Z] Session [6b7e74f0-19a4-11e7-b662-497564ea035f] - page.onError - msg: NETWORK_ERR: XMLHttpRequest Exception 101: A network error occurred in synchronous requests.

  phantomjs://platform/console++.js:263 in error
[ERROR - 2017-04-05T02:06:03.402Z] Session [6b7e74f0-19a4-11e7-b662-497564ea035f] - page.onError - stack:
  send (https://web-cdn.ttvnw.net/global-7c40e7257cab745d1861923c77b2229f.js:17)
  isExtensionInstalled_ (https://web-cdn.ttvnw.net/global-7c40e7257cab745d1861923c77b2229f.js:17)
  findInstalledExtensionHelper_ (https://web-cdn.ttvnw.net/global-7c40e7257cab745d1861923c77b2229f.js:17)
  (anonymous function) (https://web-cdn.ttvnw.net/global-7c40e7257cab745d1861923c77b2229f.js:17)
  onerror (https://web-cdn.ttvnw.net/global-7c40e7257cab745d1861923c77b2229f.js:17)
  send (:0)
  isExtensionInstalled_ (https://web-cdn.ttvnw.net/global-7c40e7257cab745d1861923c77b2229f.js:17)
  findInstalledExtensionHelper_ (https://web-cdn.ttvnw.net/global-7c40e7257cab745d1861923c77b2229f.js:17)
  (anonymous function) (https://web-cdn.ttvnw.net/global-7c40e7257cab745d1861923c77b2229f.js:17)
  onerror (https://web-cdn.ttvnw.net/global-7c40e7257cab745d1861923c77b2229f.js:17)
  send (:0)
  isExtensionInstalled_ (https://web-cdn.ttvnw.net/global-7c40e7257cab745d1861923c77b2229f.js:17)
  findInstalledExtensionHelper_ (https://web-cdn.ttvnw.net/global-7c40e7257cab745d1861923c77b2229f.js:17)
  (anonymous function) (https://web-cdn.ttvnw.net/global-7c40e7257cab745d1861923c77b2229f.js:17)
  onerror (https://web-cdn.ttvnw.net/global-7c40e7257cab745d1861923c77b2229f.js:17)
  send (:0)
  isExtensionInstalled_ (https://web-cdn.ttvnw.net/global-7c40e7257cab745d1861923c77b2229f.js:17)
  findInstalledExtensionHelper_ (https://web-cdn.ttvnw.net/global-7c40e7257cab745d1861923c77b2229f.js:17)
  (anonymous function) (https://web-cdn.ttvnw.net/global-7c40e7257cab745d1861923c77b2229f.js:17)
  onerror (https://web-cdn.ttvnw.net/global-7c40e7257cab745d1861923c77b2229f.js:17)
  send (:0)
  isExtensionInstalled_ (https://web-cdn.ttvnw.net/global-7c40e7257cab745d1861923c77b2229f.js:17)
  findInstalledExtensionHelper_ (https://web-cdn.ttvnw.net/global-7c40e7257cab745d1861923c77b2229f.js:17)
  findInstalledExtension_ (https://web-cdn.ttvnw.net/global-7c40e7257cab745d1861923c77b2229f.js:17)
  (anonymous function) (https://web-cdn.ttvnw.net/global-7c40e7257cab745d1861923c77b2229f.js:17)

  phantomjs://platform/console++.js:263 in error
[ERROR - 2017-04-05T02:06:03.403Z] Session [6b7e74f0-19a4-11e7-b662-497564ea035f] - page.onError - msg: NETWORK_ERR: XMLHttpRequest Exception 101: A network error occurred in synchronous requests.

  phantomjs://platform/console++.js:263 in error
[ERROR - 2017-04-05T02:06:03.403Z] Session [6b7e74f0-19a4-11e7-b662-497564ea035f] - page.onError - stack:
  send (https://web-cdn.ttvnw.net/global-7c40e7257cab745d1861923c77b2229f.js:17)
  isExtensionInstalled_ (https://web-cdn.ttvnw.net/global-7c40e7257cab745d1861923c77b2229f.js:17)
  findInstalledExtensionHelper_ (https://web-cdn.ttvnw.net/global-7c40e7257cab745d1861923c77b2229f.js:17)
  (anonymous function) (https://web-cdn.ttvnw.net/global-7c40e7257cab745d1861923c77b2229f.js:17)
  onerror (https://web-cdn.ttvnw.net/global-7c40e7257cab745d1861923c77b2229f.js:17)
  send (:0)
  isExtensionInstalled_ (https://web-cdn.ttvnw.net/global-7c40e7257cab745d1861923c77b2229f.js:17)
  findInstalledExtensionHelper_ (https://web-cdn.ttvnw.net/global-7c40e7257cab745d1861923c77b2229f.js:17)
  (anonymous function) (https://web-cdn.ttvnw.net/global-7c40e7257cab745d1861923c77b2229f.js:17)
  onerror (https://web-cdn.ttvnw.net/global-7c40e7257cab745d1861923c77b2229f.js:17)
  send (:0)
  isExtensionInstalled_ (https://web-cdn.ttvnw.net/global-7c40e7257cab745d1861923c77b2229f.js:17)
  findInstalledExtensionHelper_ (https://web-cdn.ttvnw.net/global-7c40e7257cab745d1861923c77b2229f.js:17)
  (anonymous function) (https://web-cdn.ttvnw.net/global-7c40e7257cab745d1861923c77b2229f.js:17)
  onerror (https://web-cdn.ttvnw.net/global-7c40e7257cab745d1861923c77b2229f.js:17)
  send (:0)
  isExtensionInstalled_ (https://web-cdn.ttvnw.net/global-7c40e7257cab745d1861923c77b2229f.js:17)
  findInstalledExtensionHelper_ (https://web-cdn.ttvnw.net/global-7c40e7257cab745d1861923c77b2229f.js:17)
  findInstalledExtension_ (https://web-cdn.ttvnw.net/global-7c40e7257cab745d1861923c77b2229f.js:17)
  (anonymous function) (https://web-cdn.ttvnw.net/global-7c40e7257cab745d1861923c77b2229f.js:17)

  phantomjs://platform/console++.js:263 in error
[ERROR - 2017-04-05T02:06:03.403Z] Session [6b7e74f0-19a4-11e7-b662-497564ea035f] - page.onError - msg: NETWORK_ERR: XMLHttpRequest Exception 101: A network error occurred in synchronous requests.

  phantomjs://platform/console++.js:263 in error
[ERROR - 2017-04-05T02:06:03.403Z] Session [6b7e74f0-19a4-11e7-b662-497564ea035f] - page.onError - stack:
  send (https://web-cdn.ttvnw.net/global-7c40e7257cab745d1861923c77b2229f.js:17)
  isExtensionInstalled_ (https://web-cdn.ttvnw.net/global-7c40e7257cab745d1861923c77b2229f.js:17)
  findInstalledExtensionHelper_ (https://web-cdn.ttvnw.net/global-7c40e7257cab745d1861923c77b2229f.js:17)
  (anonymous function) (https://web-cdn.ttvnw.net/global-7c40e7257cab745d1861923c77b2229f.js:17)
  onerror (https://web-cdn.ttvnw.net/global-7c40e7257cab745d1861923c77b2229f.js:17)
  send (:0)
  isExtensionInstalled_ (https://web-cdn.ttvnw.net/global-7c40e7257cab745d1861923c77b2229f.js:17)
  findInstalledExtensionHelper_ (https://web-cdn.ttvnw.net/global-7c40e7257cab745d1861923c77b2229f.js:17)
  (anonymous function) (https://web-cdn.ttvnw.net/global-7c40e7257cab745d1861923c77b2229f.js:17)
  onerror (https://web-cdn.ttvnw.net/global-7c40e7257cab745d1861923c77b2229f.js:17)
  send (:0)
  isExtensionInstalled_ (https://web-cdn.ttvnw.net/global-7c40e7257cab745d1861923c77b2229f.js:17)
  findInstalledExtensionHelper_ (https://web-cdn.ttvnw.net/global-7c40e7257cab745d1861923c77b2229f.js:17)
  findInstalledExtension_ (https://web-cdn.ttvnw.net/global-7c40e7257cab745d1861923c77b2229f.js:17)
  (anonymous function) (https://web-cdn.ttvnw.net/global-7c40e7257cab745d1861923c77b2229f.js:17)

  phantomjs://platform/console++.js:263 in error
[ERROR - 2017-04-05T02:06:03.403Z] Session [6b7e74f0-19a4-11e7-b662-497564ea035f] - page.onError - msg: NETWORK_ERR: XMLHttpRequest Exception 101: A network error occurred in synchronous requests.

  phantomjs://platform/console++.js:263 in error
[ERROR - 2017-04-05T02:06:03.403Z] Session [6b7e74f0-19a4-11e7-b662-497564ea035f] - page.onError - stack:
  send (https://web-cdn.ttvnw.net/global-7c40e7257cab745d1861923c77b2229f.js:17)
  isExtensionInstalled_ (https://web-cdn.ttvnw.net/global-7c40e7257cab745d1861923c77b2229f.js:17)
  findInstalledExtensionHelper_ (https://web-cdn.ttvnw.net/global-7c40e7257cab745d1861923c77b2229f.js:17)
  (anonymous function) (https://web-cdn.ttvnw.net/global-7c40e7257cab745d1861923c77b2229f.js:17)
  onerror (https://web-cdn.ttvnw.net/global-7c40e7257cab745d1861923c77b2229f.js:17)
  send (:0)
  isExtensionInstalled_ (https://web-cdn.ttvnw.net/global-7c40e7257cab745d1861923c77b2229f.js:17)
  findInstalledExtensionHelper_ (https://web-cdn.ttvnw.net/global-7c40e7257cab745d1861923c77b2229f.js:17)
  findInstalledExtension_ (https://web-cdn.ttvnw.net/global-7c40e7257cab745d1861923c77b2229f.js:17)
  (anonymous function) (https://web-cdn.ttvnw.net/global-7c40e7257cab745d1861923c77b2229f.js:17)

  phantomjs://platform/console++.js:263 in error
